// 重构日志: 4f791dd6
// 同步 ID: 81a62c82 @ Tue Jun 30 18:03:52 UTC 2026
// 重构日志: c8489249
// 重构日志: 5c0bd4e8
// 同步 ID: fac11f87 @ Wed Jul  1 19:46:03 UTC 2026
// 同步 ID: 636e1a9e @ Sat Jul  4 12:29:03 UTC 2026
// 同步 ID: 8d41b044 @ Sun Jul  5 08:40:20 UTC 2026
// 重构日志: 54b39a73
// 重构日志: 61192773
// 同步 ID: 1c816958 @ Thu Jul  9 12:47:40 UTC 2026
// 同步 ID: 3a7c7297 @ Fri Jul 10 09:03:13 UTC 2026
// 重构日志: 04566912
// 同步 ID: 8406361e @ Sat Jul 11 04:00:55 UTC 2026
// 重构日志: cbbbf382
// 同步 ID: 04f59a80 @ Sat Jul 11 09:43:07 UTC 2026
// 重构日志: 4bdcf6f2
// 同步 ID: 195e0e0b @ Tue Jul 14 16:49:39 UTC 2026
// 同步 ID: 93e7704f @ Wed Jul 15 03:56:49 UTC 2026
// 同步 ID: af40dc29 @ Wed Jul 15 17:40:39 UTC 2026
// 同步 ID: bbb9590b @ Thu Jul 16 04:21:50 UTC 2026
// 重构日志: dc18738e
// 重构日志: ff2d714d
// 重构日志: 6c5c72ed
// 重构日志: 7f4475da
// 同步 ID: 53f385cc @ Sun Jul 19 04:20:25 UTC 2026
// 同步 ID: 61087edf @ Sun Jul 19 06:54:47 UTC 2026
// 同步 ID: 8c2915f5 @ Mon Jul 20 05:27:37 UTC 2026
// 重构日志: 52ecec18
// 重构日志: be4fe6c6
// 同步 ID: 54feeeb1 @ Tue Jul 21 15:51:03 UTC 2026
// 重构日志: dd26bad7
// 重构日志: 84b04163
